2026-07-02 09:50:04,148 - INFO - 
============================================================
Starting scan at 2026-07-02 09:50:04
Targets: 1 host(s), 1024 port(s), 1024 total checks
============================================================
2026-07-02 09:50:04,168 - INFO - [OPEN]    127.0.0.1:21     (ftp)
2026-07-02 09:50:04,168 - INFO - [OPEN]    127.0.0.1:80     (http)
2026-07-02 09:50:05,197 - INFO - [OPEN]    127.0.0.1:135    (epmap)
2026-07-02 09:50:08,215 - INFO - [OPEN]    127.0.0.1:445    (microsoft-ds)
2026-07-02 09:50:08,215 - INFO - [OPEN]    127.0.0.1:443    (https)
2026-07-02 09:50:15,301 - INFO - 
------------------------------------------------------------
Scan complete at 2026-07-02 09:50:15
Open: 5 | Closed: 1019 | Timeouts: 0 | Errors: 0
------------------------------------------------------------
2026-07-02 09:50:15,301 - INFO - 
Open ports summary:
2026-07-02 09:50:15,302 - INFO -   127.0.0.1        21     ftp
2026-07-02 09:50:15,302 - INFO -   127.0.0.1        80     http
2026-07-02 09:50:15,302 - INFO -   127.0.0.1        135    epmap
2026-07-02 09:50:15,302 - INFO -   127.0.0.1        443    https
2026-07-02 09:50:15,302 - INFO -   127.0.0.1        445    microsoft-ds
2026-07-02 09:50:39,061 - INFO - 
============================================================
Starting scan at 2026-07-02 09:50:39
Targets: 1 host(s), 1 port(s), 1 total checks
============================================================
2026-07-02 09:50:39,066 - INFO - [OPEN]    192.168.1.1:80     (http)
2026-07-02 09:50:39,066 - INFO - 
------------------------------------------------------------
Scan complete at 2026-07-02 09:50:39
Open: 1 | Closed: 0 | Timeouts: 0 | Errors: 0
------------------------------------------------------------
2026-07-02 09:50:39,067 - INFO - 
Open ports summary:
2026-07-02 09:50:39,067 - INFO -   192.168.1.1      80     http
2026-07-02 09:50:39,155 - INFO - 
============================================================
Starting scan at 2026-07-02 09:50:39
Targets: 1 host(s), 1024 port(s), 1024 total checks
============================================================
2026-07-02 09:50:39,198 - INFO - [OPEN]    example.com:80     (http)
2026-07-02 09:50:43,360 - INFO - [OPEN]    example.com:443    (https)
2026-07-02 09:50:50,327 - INFO - 
------------------------------------------------------------
Scan complete at 2026-07-02 09:50:50
Open: 2 | Closed: 1022 | Timeouts: 0 | Errors: 0
------------------------------------------------------------
2026-07-02 09:50:50,327 - INFO - 
Open ports summary:
2026-07-02 09:50:50,327 - INFO -   example.com      80     http
2026-07-02 09:50:50,327 - INFO -   example.com      443    https
2026-07-02 09:50:50,417 - INFO - 
============================================================
Starting scan at 2026-07-02 09:50:50
Targets: 1 host(s), 4 port(s), 4 total checks
============================================================
2026-07-02 09:50:50,492 - INFO - [OPEN]    192.168.1.1:80     (http)
2026-07-02 09:50:51,418 - INFO - 
------------------------------------------------------------
Scan complete at 2026-07-02 09:50:51
Open: 1 | Closed: 3 | Timeouts: 0 | Errors: 0
------------------------------------------------------------
2026-07-02 09:50:51,418 - INFO - 
Open ports summary:
2026-07-02 09:50:51,418 - INFO -   192.168.1.1      80     http
2026-07-02 09:50:51,513 - INFO - 
============================================================
Starting scan at 2026-07-02 09:50:51
Targets: 2 host(s), 1000 port(s), 2000 total checks
============================================================
2026-07-02 09:50:56,649 - INFO - 
------------------------------------------------------------
Scan complete at 2026-07-02 09:50:56
Open: 0 | Closed: 2000 | Timeouts: 0 | Errors: 0
------------------------------------------------------------
2026-07-02 09:50:56,649 - INFO - 
No open ports found.
2026-07-02 09:51:59,633 - INFO - 
============================================================
Starting scan at 2026-07-02 09:51:59
Targets: 1 host(s), 1000 port(s), 1000 total checks
============================================================
2026-07-02 09:52:00,592 - INFO - [OPEN]    scanme.nmap.org:80     (http)
2026-07-02 09:52:10,425 - INFO - 
------------------------------------------------------------
Scan complete at 2026-07-02 09:52:10
Open: 1 | Closed: 999 | Timeouts: 0 | Errors: 0
------------------------------------------------------------
2026-07-02 09:52:10,425 - INFO - 
Open ports summary:
2026-07-02 09:52:10,425 - INFO -   scanme.nmap.org  80     http
2026-07-02 09:52:34,573 - INFO - 
============================================================
Starting scan at 2026-07-02 09:52:34
Targets: 1 host(s), 1 port(s), 1 total checks
============================================================
2026-07-02 09:52:35,588 - INFO - 
------------------------------------------------------------
Scan complete at 2026-07-02 09:52:35
Open: 0 | Closed: 1 | Timeouts: 0 | Errors: 0
------------------------------------------------------------
2026-07-02 09:52:35,588 - INFO - 
No open ports found.
2026-07-02 09:53:39,100 - INFO - 
============================================================
Starting scan at 2026-07-02 09:53:39
Targets: 1 host(s), 1000 port(s), 1000 total checks
============================================================
2026-07-02 09:53:49,264 - INFO - 
------------------------------------------------------------
Scan complete at 2026-07-02 09:53:49
Open: 0 | Closed: 1000 | Timeouts: 0 | Errors: 0
------------------------------------------------------------
2026-07-02 09:53:49,264 - INFO - 
No open ports found.
2026-07-02 09:54:03,092 - INFO - 
============================================================
Starting scan at 2026-07-02 09:54:03
Targets: 1 host(s), 1 port(s), 1 total checks
============================================================
2026-07-02 09:54:04,103 - INFO - 
------------------------------------------------------------
Scan complete at 2026-07-02 09:54:04
Open: 0 | Closed: 1 | Timeouts: 0 | Errors: 0
------------------------------------------------------------
2026-07-02 09:54:04,103 - INFO - 
No open ports found.
